0	1	-0.250872	-0.252341	-0.252205	-0.252866	-0.252771	-0.251976	-0.254985	-0.259217	-0.259187	-0.250791	
1	1	-0.241653	-0.229082	-0.202706	-0.174939	-0.143899	-0.109112	-0.0812132	-0.0548086	-0.0206624	0.02689	
2	1	0.0765431	0.131059	0.202713	0.27704	0.355248	0.438067	0.515414	0.591999	0.674894	0.767586	
3	1	0.861718	0.958113	1.06328	1.16885	1.27439	1.38019	1.48212	1.58157	1.67977	1.77653	
4	-1	1.87076	1.96274	2.054	2.14185	2.22727	2.30978	2.38476	2.45426	2.52322	2.59528	
5	-1	2.66294	2.72856	2.80186	2.87077	2.93691	3.00053	3.05111	3.09375	3.13754	3.18814	
6	-1	3.23425	3.27865	3.33379	3.38504	3.4337	3.48066	3.51563	3.54383	3.57316	3.60791	
7	-1	3.63977	3.67026	3.70718	3.74209	3.7752	3.80755	3.83524	3.86052	3.88535	3.91016	
8	0	3.93447	3.95841	3.98226	4.0063	4.03078	4.05591	4.08193	4.10901	4.13735	4.16709	
9	0.707	4.1956	4.22772	4.27066	4.31562	4.36378	4.41534	4.4627	4.50952	4.56208	4.62416	
10	1	4.68612	4.75215	4.83405	4.91723	5.00259	5.09062	5.17116	5.24877	5.33052	5.42	
11	0.707	5.50994	5.59975	5.69421	5.78738	5.87902	5.96943	6.05565	6.13876	6.21971	6.2984	
12	0	6.37415	6.4467	6.51592	6.58166	6.6438	6.70222	6.75682	6.80752	6.85422	6.89688	
13	-0.707	6.93268	6.96633	7.00495	7.0397	7.07177	7.10138	7.12091	7.13413	7.14759	7.1654	
14	-1	7.17785	7.18956	7.21321	7.23383	7.25273	7.27079	7.27755	7.27833	7.28106	7.29005	
15	-0.707	7.298	7.30473	7.31588	7.32552	7.33388	7.34175	7.34647	7.34969	7.3529	7.35645	
16	0	7.36009	7.36396	7.36834	7.37347	7.37958	7.38689	7.39558	7.40584	7.41784	7.43171	
17	0.707	7.44477	7.4619	7.49035	7.52123	7.55573	7.59403	7.62847	7.66269	7.70306	7.75339	
18	1	7.80392	7.85888	7.93024	8.00317	8.0786	8.15702	8.22808	8.29645	8.36926	8.45016	
19	0.707	8.53176	8.61348	8.70012	8.78568	8.86992	8.9531	9.03225	9.10847	9.1827	9.25484	
20	0	9.32421	9.39054	9.45369	9.51351	9.56989	9.62269	9.67182	9.71718	9.7587	9.7963	
21	-0.707	9.82716	9.85602	9.88999	9.92021	9.94789	9.97322	9.98857	9.99772	10.0072	10.0212	
22	-1	10.0299	10.0379	10.0581	10.0752	10.0907	10.1055	10.1091	10.1067	10.1064	10.1124	
23	-0.707	10.1174	10.1213	10.1297	10.1366	10.1423	10.1476	10.1497	10.1505	10.1512	10.1524	
24	1	10.1535	10.1555	10.1606	10.1663	10.174	10.1837	10.1908	10.1978	10.2102	10.2321	
25	1	10.2557	10.2836	10.326	10.3704	10.4185	10.4705	10.5157	10.5594	10.6103	10.674	
26	1	10.7389	10.8075	10.8917	10.9768	11.0638	11.1533	11.235	11.3136	11.3961	11.4862	
27	1	11.5755	11.665	11.7616	11.8569	11.9507	12.0435	12.1312	12.2154	12.2974	12.3773	
28	-1	12.454	12.5279	12.6007	12.6698	12.7361	12.7993	12.8547	12.9045	12.9537	13.0062	
29	-1	13.0542	13.1003	13.1544	13.2041	13.2512	13.2959	13.3276	13.3515	13.3768	13.4092	
30	-1	13.4373	13.464	13.5018	13.5359	13.5676	13.5979	13.6163	13.6282	13.6414	13.6604	
31	-1	13.6767	13.6919	13.7138	13.7339	13.7525	13.7705	13.7841	13.7954	13.8066	13.8179	
32	1	13.8288	13.8401	13.8541	13.8682	13.8841	13.9015	13.9159	13.93	13.9491	13.9773	
33	1	14.0069	14.0406	14.0884	14.138	14.191	14.2477	14.2974	14.3453	14.4002	14.4677	
34	1	14.5362	14.6082	14.6955	14.7836	14.8735	14.9656	15.05	15.131	15.2159	15.3082	
35	1	15.3996	15.4911	15.5895	15.6866	15.7821	15.8765	15.9657	16.0514	16.1348	16.216	
36	-1	16.294	16.3691	16.4431	16.5132	16.5805	16.6447	16.701	16.7516	16.8017	16.8549	
37	-1	16.9037	16.9504	17.0051	17.0555	17.1031	17.1484	17.1805	17.2049	17.2306	17.2634	
38	-1	17.2919	17.3188	17.3569	17.3913	17.4232	17.4537	17.4723	17.4844	17.4978	17.5169	
39	-1	17.5333	17.5486	17.5706	17.5908	17.6094	17.6274	17.641	17.6524	17.6635	17.6748	
40	0	17.6858	17.6967	17.7076	17.719	17.7309	17.7437	17.7575	17.7726	17.7892	17.8073	
41	0.707	17.8243	17.8451	17.877	17.9111	17.9485	17.9896	18.0265	18.0631	18.1056	18.1579	
42	1	18.2102	18.2668	18.3396	18.4138	18.4904	18.5698	18.6418	18.711	18.7845	18.866	
43	0.707	18.9481	19.0303	19.1173	19.2031	19.2875	19.3708	19.45	19.5262	19.6004	19.6724	
44	0	19.7416	19.8077	19.8706	19.9301	19.9861	20.0386	20.0873	20.1321	20.1732	20.2102	
45	-0.707	20.2405	20.2688	20.3022	20.3318	20.3588	20.3834	20.3981	20.4065	20.4152	20.4284	
46	-1	20.4364	20.4436	20.4629	20.4793	20.4939	20.5079	20.5106	20.5073	20.5061	20.5112	
47	-0.707	20.5154	20.5183	20.5258	20.5318	20.5365	20.5408	20.542	20.5418	20.5416	20.5418	
48	1	20.5419	20.543	20.547	20.5517	20.5584	20.5671	20.5731	20.5792	20.5906	20.6114	
49	1	20.634	20.6608	20.7022	20.7456	20.7927	20.8437	20.8879	20.9305	20.9805	21.0431	
50	1	21.107	21.1747	21.2579	21.342	21.4281	21.5166	21.5973	21.675	21.7565	21.8457	
51	1	21.934	22.0227	22.1183	22.2128	22.3057	22.3976	22.4843	22.5676	22.6488	22.7278	
52	-1	22.8036	22.8766	22.9486	23.0168	23.0822	23.1446	23.1991	23.2481	23.2964	23.3481	
53	-1	23.3953	23.4406	23.4938	23.5428	23.5891	23.6331	23.664	23.6871	23.7116	23.7432	
54	-1	23.7706	23.7965	23.8336	23.8669	23.8979	23.9275	23.9452	23.9564	23.9689	23.9872	
55	-1	24.0028	24.0173	24.0386	24.058	24.0759	24.0932	24.1062	24.1169	24.1274	24.1381	
56	1	24.1483	24.159	24.1724	24.1859	24.2011	24.2178	24.2317	24.2451	24.2636	24.2912	
57	1	24.3203	24.3534	24.4006	24.4496	24.502	24.5581	24.6072	24.6546	24.709	24.7758	
58	1	24.8438	24.9153	25.0021	25.0897	25.179	25.2707	25.3545	25.435	25.5194	25.6111	
59	1	25.702	25.7931	25.8911	25.9877	26.0827	26.1766	26.2654	26.3505	26.4335	26.5142	
60	-1	26.5917	26.6664	26.7399	26.8096	26.8765	26.9402	26.996	27.0462	27.0958	27.1486	
61	-1	27.197	27.2433	27.2976	27.3475	27.3947	27.4395	27.4713	27.4952	27.5205	27.5529	
62	-1	27.581	27.6076	27.6453	27.6792	27.7108	27.7409	27.7592	27.7708	27.7839	27.8026	
63	-1	27.8187	27.8336	27.8552	27.875	27.8933	27.911	27.9242	27.9352	27.946	27.957	
64	1	27.9675	27.9784	27.992	28.0057	28.0211	28.0381	28.0521	28.0657	28.0844	28.1122	
65	1	28.1414	28.1746	28.2219	28.271	28.3236	28.3798	28.429	28.4764	28.5309	28.5979	
66	1	28.6659	28.7374	28.8243	28.9119	29.0013	29.093	29.1768	29.2574	29.3418	29.4336	
67	1	29.5245	29.6156	29.7136	29.8102	29.9053	29.9992	30.0879	30.1731	30.2561	30.3368	
68	-1	30.4143	30.489	30.5625	30.6321	30.699	30.7627	30.8186	30.8687	30.9183	30.9711	
69	-1	31.0194	31.0657	31.12	31.1699	31.2171	31.2619	31.2936	31.3175	31.3428	31.3751	
70	-1	31.4032	31.4297	31.4674	31.5013	31.5329	31.563	31.5812	31.5928	31.6058	31.6245	
71	-1	31.6406	31.6554	31.677	31.6968	31.715	31.7327	31.7459	31.7568	31.7676	31.7785	
72	0	31.7891	31.7996	31.8102	31.8211	31.8327	31.8451	31.8586	31.8733	31.8894	31.9072	
73	0.707	31.9239	31.9443	31.9758	32.0096	32.0467	32.0873	32.1239	32.1602	32.2023	32.2542	
74	1	32.3062	32.3624	32.4349	32.5088	32.5851	32.6642	32.7358	32.8047	32.8779	32.9591	
75	0.707	33.0408	33.1227	33.2093	33.2948	33.3789	33.4619	33.5408	33.6167	33.6906	33.7623	
76	0	33.8312	33.897	33.9596	34.0188	34.0745	34.1266	34.175	34.2196	34.2603	34.2971	
77	-0.707	34.3271	34.3551	34.3882	34.4175	34.4442	34.4685	34.4829	34.491	34.4995	34.5124	
78	-1	34.5201	34.5271	34.5461	34.5622	34.5766	34.5902	34.5926	34.5891	34.5877	34.5925	
79	-0.707	34.5964	34.5991	34.6063	34.612	34.6165	34.6205	34.6215	34.621	34.6205	34.6204	
80	1	34.6203	34.6211	34.6249	34.6293	34.6358	34.6442	34.65	34.6558	34.6669	34.6875	
81	1	34.7099	34.7365	34.7776	34.8208	34.8676	34.9184	34.9624	35.0047	35.0544	35.1168	
82	1	35.1805	35.2479	35.3309	35.4148	35.5007	35.5889	35.6695	35.7469	35.8282	35.9171	
83	1	36.0053	36.0937	36.1891	36.2834	36.3761	36.4677	36.5543	36.6374	36.7183	36.7971	
84	-1	36.8727	36.9455	37.0173	37.0852	37.1505	37.2127	37.267	37.3157	37.3639	37.4153	
85	-1	37.4623	37.5074	37.5605	37.6092	37.6553	37.6991	37.7298	37.7527	37.777	37.8085	
86	-1	37.8357	37.8614	37.8982	37.9314	37.9622	37.9916	38.0091	38.0201	38.0324	38.0505	
87	-1	38.066	38.0803	38.1014	38.1206	38.1383	38.1555	38.1682	38.1788	38.1891	38.1996	
88	0	38.2098	38.2199	38.2301	38.2407	38.2519	38.264	38.2772	38.2916	38.3075	38.3249	
89	0.707	38.3413	38.3615	38.3928	38.4262	38.4631	38.5036	38.54	38.5759	38.6179	38.6696	
90	1	38.7214	38.7775	38.8497	38.9235	38.9996	39.0785	39.15	39.2187	39.2918	39.3728	
91	0.707	39.4545	39.5362	39.6227	39.7081	39.7921	39.875	39.9538	40.0296	40.1033	40.1749	
92	0	40.2437	40.3094	40.3719	40.431	40.4866	40.5386	40.5869	40.6315	40.6721	40.7088	
93	-0.707	40.7387	40.7666	40.7996	40.8288	40.8554	40.8797	40.894	40.9021	40.9105	40.9233	
94	-1	40.9309	40.9378	40.9568	40.9728	40.9871	41.0007	41.0031	40.9995	40.998	41.0028	
95	-0.707	41.0066	41.0092	41.0164	41.022	41.0265	41.0305	41.0314	41.0308	41.0303	41.0302	
96	0	41.0301	41.0304	41.0312	41.0328	41.0355	41.0393	41.0446	41.0514	41.0601	41.0706	
97	0.707	41.0804	41.0942	41.1195	41.1471	41.1785	41.2136	41.245	41.2761	41.3134	41.3607	
98	1	41.4083	41.4603	41.5288	41.5989	41.6716	41.7472	41.8155	41.8812	41.9513	42.0295	
99	0.707	42.1085	42.1877	42.2718	42.3548	42.4366	42.5173	42.594	42.6678	42.7396	42.8094	
100	0	42.8764	42.9404	43.0012	43.0587	43.1128	43.1633	43.2102	43.2534	43.2927	43.3281	
101	-0.707	43.3569	43.3836	43.4155	43.4436	43.4692	43.4926	43.5059	43.5131	43.5206	43.5326	
102	-1	43.5394	43.5456	43.5638	43.5791	43.5928	43.6057	43.6075	43.6033	43.6012	43.6055	
103	-0.707	43.6088	43.6109	43.6176	43.6228	43.6268	43.6304	43.6308	43.6299	43.629	43.6285	
104	1	43.628	43.6284	43.6319	43.636	43.6421	43.6502	43.6557	43.6612	43.672	43.6923	
105	1	43.7144	43.7408	43.7817	43.8246	43.8712	43.9217	43.9655	44.0076	44.0571	44.1193	
106	1	44.1828	44.2501	44.3329	44.4166	44.5023	44.5904	44.6708	44.7481	44.8293	44.918	
107	1	45.0061	45.0944	45.1897	45.2838	45.3764	45.4679	45.5544	45.6373	45.7182	45.7969	
108	-1	45.8724	45.9451	46.0168	46.0846	46.1498	46.2118	46.2661	46.3147	46.3628	46.4141	
109	-1	46.4611	46.5061	46.5591	46.6077	46.6538	46.6974	46.7281	46.7509	46.7752	46.8065	
110	-1	46.8337	46.8593	46.8961	46.9292	46.96	46.9893	47.0067	47.0176	47.0299	47.048	
111	-1	47.0634	47.0776	47.0986	47.1178	47.1355	47.1526	47.1653	47.1758	47.186	47.1965	
112	0	47.2067	47.2167	47.2269	47.2374	47.2486	47.2606	47.2737	47.2881	47.3039	47.3213	
113	0.707	47.3377	47.3578	47.3891	47.4225	47.4593	47.4997	47.5361	47.572	47.6139	47.6656	
114	1	47.7174	47.7734	47.8456	47.9193	47.9954	48.0743	48.1458	48.2144	48.2874	48.3684	
115	0.707	48.4501	48.5317	48.6182	48.7036	48.7875	48.8704	48.9491	49.0249	49.0986	49.1701	
116	0	49.2389	49.3046	49.367	49.4261	49.4817	49.5336	49.5819	49.6264	49.667	49.7036	
117	-0.707	49.7335	49.7614	49.7943	49.8235	49.8501	49.8744	49.8886	49.8967	49.905	49.9178	
118	-1	49.9254	49.9323	49.9512	49.9672	49.9815	49.9951	49.9974	49.9938	49.9922	49.997	
119	-0.707	50.0007	50.0034	50.0104	50.0161	50.0205	50.0245	50.0253	50.0247	50.0242	50.024	
120	1	50.0238	50.0245	50.0283	50.0326	50.039	50.0473	50.0531	50.0588	50.0698	50.0903	
121	1	50.1126	50.1391	50.1802	50.2233	50.27	50.3207	50.3646	50.4069	50.4566	50.5189	
122	1	50.5825	50.6499	50.7327	50.8166	50.9024	50.9906	51.0711	51.1484	51.2297	51.3185	
123	1	51.4066	51.4949	51.5903	51.6845	51.7771	51.8687	51.9552	52.0382	52.1191	52.1978	
124	-1	52.2734	52.3462	52.4178	52.4857	52.5509	52.613	52.6673	52.7159	52.7641	52.8154	
125	-1	52.8624	52.9074	52.9604	53.0091	53.0551	53.0988	53.1295	53.1523	53.1766	53.208	
126	-1	53.2351	53.2607	53.2975	53.3307	53.3614	53.3907	53.4082	53.4191	53.4314	53.4494	
127	-1	53.4648	53.4791	53.5001	53.5193	53.5369	53.5541	53.5667	53.5772	53.5875	53.5979	
128	1	53.608	53.6184	53.6315	53.6448	53.6598	53.6763	53.6899	53.7032	53.7214	53.7488	
129	1	53.7776	53.8105	53.8575	53.9063	53.9585	54.0144	54.0633	54.1104	54.1646	54.2313	
130	1	54.299	54.3703	54.4569	54.5443	54.6334	54.7249	54.8085	54.8888	54.973	55.0645	
131	1	55.1553	55.2461	55.3439	55.4403	55.5352	55.6289	55.7174	55.8024	55.8852	55.9657	
132	-1	56.043	56.1175	56.1908	56.2603	56.327	56.3905	56.4462	56.4962	56.5456	56.5982	
133	-1	56.6464	56.6925	56.7466	56.7963	56.8434	56.888	56.9196	56.9433	56.9684	57.0007	
134	-1	57.0286	57.055	57.0925	57.1263	57.1577	57.1876	57.2057	57.2172	57.23	57.2486	
135	-1	57.2645	57.2793	57.3007	57.3204	57.3384	57.356	57.369	57.3799	57.3905	57.4013	
136	1	57.4116	57.4224	57.4358	57.4494	57.4646	57.4815	57.4953	57.5088	57.5273	57.5549	
137	1	57.5839	57.617	57.6642	57.7131	57.7655	57.8215	57.8706	57.9179	57.9722	58.039	
138	1	58.1069	58.1783	58.265	58.3525	58.4418	58.5333	58.617	58.6974	58.7817	58.8733	
139	1	58.9641	59.055	59.1529	59.2494	59.3443	59.4381	59.5267	59.6117	59.6946	59.7752	
140	-1	59.8525	59.927	60.0004	60.0699	60.1367	60.2002	60.2559	60.306	60.3554	60.4081	
141	-1	60.4563	60.5024	60.5565	60.6063	60.6534	60.6981	60.7297	60.7534	60.7786	60.8108	
142	-1	60.8387	60.8651	60.9027	60.9365	60.9679	60.9979	61.0159	61.0274	61.0403	61.0589	
143	-1	61.0748	61.0896	61.111	61.1307	61.1488	61.1663	61.1794	61.1902	61.2008	61.2117	
144	0	61.2222	61.2325	61.2429	61.2538	61.2652	61.2775	61.2909	61.3055	61.3215	61.3391	
145	0.707	61.3557	61.376	61.4074	61.441	61.478	61.5186	61.5551	61.5912	61.6332	61.685	
146	1	61.7369	61.793	61.8654	61.9391	62.0153	62.0943	62.1659	62.2346	62.3077	62.3888	
147	0.707	62.4704	62.5522	62.6387	62.7241	62.8081	62.891	62.9698	63.0456	63.1194	63.191	
148	0	63.2598	63.3255	63.3879	63.447	63.5027	63.5547	63.603	63.6474	63.6881	63.7247	
149	-0.707	63.7546	63.7825	63.8155	63.8447	63.8713	63.8955	63.9098	63.9178	63.9262	63.939	
150	-1	63.9466	63.9534	63.9724	63.9883	64.0027	64.0162	64.0185	64.0149	64.0134	64.0181	
151	-0.707	64.0219	64.0245	64.0316	64.0372	64.0416	64.0455	64.0464	64.0458	64.0452	64.0451	
152	1	64.0449	64.0455	64.0493	64.0536	64.0599	64.0683	64.074	64.0797	64.0907	64.1112	
153	1	64.1334	64.16	64.201	64.2441	64.2908	64.3415	64.3854	64.4277	64.4773	64.5396	
154	1	64.6032	64.6705	64.7534	64.8372	64.923	65.0112	65.0916	65.1689	65.2502	65.339	
155	1	65.4271	65.5154	65.6108	65.7049	65.7975	65.8891	65.9756	66.0586	66.1394	66.2181	
156	-1	66.2937	66.3664	66.4381	66.506	66.5711	66.6332	66.6874	66.7361	66.7842	66.8355	
157	-1	66.8825	66.9274	66.9804	67.0291	67.0751	67.1188	67.1494	67.1722	67.1965	67.2279	
158	-1	67.255	67.2806	67.3174	67.3505	67.3812	67.4105	67.4279	67.4388	67.4511	67.4691	
159	-1	67.4845	67.4987	67.5197	67.5389	67.5565	67.5736	67.5863	67.5967	67.607	67.6174	
160	0	67.6275	67.6375	67.6477	67.6582	67.6693	67.6813	67.6944	67.7088	67.7246	67.7419	
161	0.707	67.7583	67.7784	67.8096	67.843	67.8798	67.9201	67.9565	67.9924	68.0343	68.0859	
162	1	68.1376	68.1936	68.2658	68.3395	68.4155	68.4944	68.5658	68.6345	68.7075	68.7884	
163	0.707	68.87	68.9516	69.0381	69.1234	69.2074	69.2902	69.3689	69.4446	69.5183	69.5898	
164	0	69.6585	69.7242	69.7866	69.8456	69.9012	69.9531	70.0014	70.0458	70.0864	70.123	
165	-0.707	70.1529	70.1807	70.2136	70.2428	70.2693	70.2936	70.3078	70.3158	70.3241	70.3369	
166	-1	70.3444	70.3513	70.3701	70.3861	70.4004	70.4139	70.4162	70.4126	70.411	70.4157	
167	-0.707	70.4194	70.422	70.4291	70.4347	70.439	70.443	70.4438	70.4432	70.4426	70.4424	
168	0	70.4424	70.4426	70.4433	70.4449	70.4474	70.4512	70.4564	70.4632	70.4718	70.4823	
169	0.707	70.4919	70.5057	70.5309	70.5585	70.5898	70.6249	70.6562	70.6872	70.7245	70.7718	
170	1	70.8193	70.8712	70.9397	71.0097	71.0823	71.1579	71.2262	71.2917	71.3618	71.44	
171	0.707	71.5189	71.598	71.6821	71.765	71.8467	71.9274	72.004	72.0778	72.1495	72.2192	
172	0	72.2862	72.3501	72.4109	72.4683	72.5224	72.5729	72.6197	72.6628	72.7021	72.7374	
173	-0.707	72.7661	72.7928	72.8246	72.8527	72.8782	72.9015	72.9148	72.9219	72.9294	72.9413	
174	-1	72.9481	72.9542	72.9723	72.9876	73.0012	73.0141	73.0158	73.0116	73.0094	73.0136	
175	-0.707	73.0169	73.019	73.0255	73.0307	73.0346	73.0382	73.0386	73.0376	73.0367	73.0361	
176	0	73.0357	73.0356	73.0361	73.0373	73.0396	73.0431	73.0481	73.0546	73.063	73.0732	
177	0.707	73.0827	73.0963	73.1213	73.1487	73.1798	73.2147	73.2458	73.2767	73.3138	73.361	
178	1	73.4083	73.4602	73.5285	73.5984	73.6709	73.7464	73.8145	73.88	73.9499	74.0281	
179	0.707	74.1069	74.1859	74.2699	74.3528	74.4344	74.515	74.5916	74.6652	74.7369	74.8066	
180	0	74.8735	74.9373	74.998	75.0555	75.1094	75.1599	75.2067	75.2497	75.2889	75.3243	
181	-0.707	75.3529	75.3795	75.4113	75.4394	75.4649	75.4881	75.5014	75.5084	75.5159	75.5278	
182	-1	75.5345	75.5406	75.5588	75.574	75.5876	75.6005	75.6021	75.5979	75.5957	75.5999	
183	-0.707	75.6031	75.6052	75.6118	75.6169	75.6208	75.6244	75.6248	75.6238	75.6228	75.6223	
184	1	75.6217	75.622	75.6254	75.6294	75.6355	75.6435	75.649	75.6544	75.6652	75.6854	
185	1	75.7074	75.7337	75.7746	75.8174	75.8639	75.9144	75.9581	76.0002	76.0497	76.1118	
186	1	76.1753	76.2425	76.3252	76.4089	76.4945	76.5826	76.6629	76.7401	76.8213	76.91	
187	1	76.9979	77.0862	77.1815	77.2755	77.368	77.4596	77.546	77.6288	77.7096	77.7883	
188	-1	77.8637	77.9364	78.008	78.0758	78.1409	78.2029	78.2571	78.3057	78.3537	78.405	
189	-1	78.4519	78.4968	78.5498	78.5984	78.6444	78.688	78.7186	78.7414	78.7656	78.7969	
190	-1	78.824	78.8496	78.8863	78.9194	78.9501	78.9793	78.9967	79.0076	79.0199	79.0379	
191	-1	79.0532	79.0674	79.0884	79.1075	79.1251	79.1422	79.1548	79.1653	79.1755	79.1859	
192	0	79.196	79.206	79.2161	79.2266	79.2377	79.2497	79.2628	79.2771	79.2929	79.3103	
193	0.707	79.3266	79.3467	79.3778	79.4112	79.448	79.4884	79.5247	79.5606	79.6024	79.6541	
194	1	79.7058	79.7617	79.8339	79.9076	79.9836	80.0625	80.1339	80.2025	80.2755	80.3565	
195	0.707	80.438	80.5196	80.6061	80.6914	80.7753	80.8581	80.9368	81.0125	81.0862	81.1577	
196	0	81.2265	81.2921	81.3545	81.4135	81.4691	81.521	81.5692	81.6137	81.6542	81.6908	
197	-0.707	81.7207	81.7485	81.7814	81.8105	81.8371	81.8613	81.8755	81.8835	81.8918	81.9046	
198	-1	81.9121	81.9189	81.9378	81.9538	81.968	81.9816	81.9838	81.9802	81.9786	81.9833	
199	-0.707	81.987	81.9896	81.9967	82.0023	82.0066	82.0106	82.0114	82.0108	82.0102	82.01	
200	1	82.0097	82.0104	82.0141	82.0184	82.0247	82.033	82.0387	82.0444	82.0554	82.0759	
201	1	82.0981	82.1246	82.1656	82.2087	82.2554	82.306	82.3499	82.3922	82.4418	82.504	
202	1	82.5676	82.6349	82.7178	82.8016	82.8873	82.9755	83.0559	83.1332	83.2145	83.3033	
203	1	83.3913	83.4796	83.575	83.6691	83.7617	83.8533	83.9398	84.0227	84.1036	84.1823	
204	-1	84.2578	84.3305	84.4021	84.47	84.5352	84.5972	84.6514	84.7001	84.7481	84.7995	
205	-1	84.8464	84.8913	84.9443	84.993	85.039	85.0827	85.1133	85.1361	85.1603	85.1917	
206	-1	85.2187	85.2444	85.2811	85.3142	85.3449	85.3742	85.3916	85.4025	85.4148	85.4328	
207	-1	85.4481	85.4624	85.4833	85.5025	85.5201	85.5372	85.5498	85.5603	85.5705	85.5809	
208	1	85.5909	85.6014	85.6144	85.6277	85.6426	85.6591	85.6727	85.6859	85.7041	85.7315	
209	1	85.7603	85.7931	85.8401	85.8888	85.941	85.9968	86.0457	86.0928	86.147	86.2136	
210	1	86.2813	86.3526	86.4391	86.5265	86.6156	86.707	86.7906	86.8709	86.955	87.0465	
211	1	87.1372	87.228	87.3258	87.4222	87.517	87.6107	87.6992	87.7842	87.8669	87.9474	
212	-1	88.0247	88.0991	88.1724	88.2419	88.3085	88.372	88.4277	88.4776	88.527	88.5796	
213	-1	88.6277	88.6738	88.7279	88.7776	88.8246	88.8692	88.9008	88.9245	88.9496	88.9818	
214	-1	89.0096	89.036	89.0735	89.1072	89.1386	89.1685	89.1866	89.198	89.2109	89.2294	
215	-1	89.2453	89.26	89.2814	89.301	89.3191	89.3366	89.3496	89.3604	89.371	89.3818	
216	1	89.3921	89.4029	89.4162	89.4298	89.445	89.4618	89.4756	89.489	89.5075	89.5351	
217	1	89.5641	89.5971	89.6443	89.6932	89.7456	89.8016	89.8506	89.8979	89.9522	90.0189	
218	1	90.0868	90.1582	90.2448	90.3323	90.4215	90.513	90.5967	90.6772	90.7614	90.853	
219	1	90.9438	91.0347	91.1325	91.229	91.3238	91.4176	91.5062	91.5912	91.674	91.7546	
220	-1	91.8319	91.9064	91.9797	92.0492	92.1159	92.1795	92.2352	92.2852	92.3346	92.3872	
221	-1	92.4354	92.4815	92.5356	92.5853	92.6324	92.6771	92.7086	92.7324	92.7575	92.7897	
222	-1	92.8176	92.844	92.8815	92.9153	92.9467	92.9766	92.9946	93.0061	93.019	93.0375	
223	-1	93.0534	93.0681	93.0896	93.1092	93.1273	93.1448	93.1578	93.1687	93.1793	93.19	
224	1	93.2004	93.2111	93.2245	93.2381	93.2533	93.2701	93.2839	93.2973	93.3158	93.3434	
225	1	93.3724	93.4054	93.4526	93.5016	93.5539	93.6099	93.659	93.7062	93.7605	93.8273	
226	1	93.8952	93.9666	94.0532	94.1407	94.2299	94.3214	94.4051	94.4855	94.5698	94.6614	
227	1	94.7521	94.843	94.9409	95.0374	95.1322	95.226	95.3146	95.3996	95.4824	95.563	
228	-1	95.6403	95.7148	95.7881	95.8576	95.9243	95.9879	96.0436	96.0936	96.143	96.1956	
229	-1	96.2438	96.2899	96.344	96.3937	96.4408	96.4855	96.517	96.5408	96.5659	96.5981	
230	-1	96.626	96.6524	96.6899	96.7237	96.7551	96.785	96.803	96.8145	96.8274	96.8459	
231	-1	96.8618	96.8765	96.898	96.9176	96.9357	96.9532	96.9662	96.977	96.9876	96.9984	
232	0	97.0089	97.0192	97.0296	97.0404	97.0518	97.0641	97.0775	97.092	97.108	97.1257	
233	0.707	97.1422	97.1625	97.1939	97.2274	97.2644	97.3049	97.3414	97.3775	97.4195	97.4713	
234	1	97.5231	97.5792	97.6515	97.7253	97.8014	97.8804	97.9519	98.0207	98.0937	98.1748	
235	0.707	98.2564	98.3381	98.4247	98.51	98.594	98.6769	98.7557	98.8314	98.9052	98.9768	
236	0	99.0455	99.1112	99.1736	99.2327	99.2883	99.3403	99.3886	99.433	99.4736	99.5103	
237	-0.707	99.5402	99.568	99.6009	99.6301	99.6567	99.6809	99.6952	99.7032	99.7115	99.7243	
238	-1	99.7318	99.7387	99.7576	99.7736	99.7878	99.8014	99.8037	99.8001	99.7985	99.8032	
239	-0.707	99.8069	99.8095	99.8166	99.8222	99.8265	99.8305	99.8313	99.8307	99.8301	99.8299	
240	1	99.8297	99.8303	99.834	99.8383	99.8447	99.853	99.8587	99.8643	99.8754	99.8958	
241	1	99.918	99.9446	99.9856	100.029	100.075	100.126	100.17	100.212	100.262	100.324	
242	1	100.388	100.455	100.538	100.622	100.707	100.795	100.876	100.953	101.034	101.123	
243	1	101.211	101.3	101.395	101.489	101.582	101.673	101.76	101.843	101.923	102.002	
244	-1	102.078	102.15	102.222	102.29	102.355	102.417	102.471	102.52	102.568	102.619	
245	-1	102.666	102.711	102.764	102.813	102.859	102.902	102.933	102.956	102.98	103.011	
246	-1	103.038	103.064	103.101	103.134	103.165	103.194	103.211	103.222	103.234	103.252	
247	-1	103.268	103.282	103.303	103.322	103.34	103.357	103.369	103.38	103.39	103.401	
248	1	103.411	103.421	103.434	103.447	103.462	103.479	103.492	103.505	103.524	103.551	
249	1	103.58	103.613	103.66	103.708	103.76	103.816	103.865	103.912	103.966	104.033	
250	1	104.101	104.172	104.259	104.346	104.435	104.526	104.61	104.69	104.774	104.866	
251	1	104.957	105.047	105.145	105.242	105.336	105.43	105.519	105.604	105.686	105.767	
252	-1	105.844	105.918	105.992	106.061	106.128	106.191	106.247	106.297	106.346	106.399	
253	-1	106.447	106.493	106.547	106.597	106.644	106.688	106.72	106.744	106.769	106.801	
254	-1	106.829	106.855	106.893	106.926	106.958	106.988	107.006	107.017	107.03	107.049	
255	-1	107.064	107.079	107.101	107.12	107.138	107.156	107.169	107.18	107.19	107.201	
256	1	107.211	107.222	107.235	107.249	107.264	107.281	107.295	107.308	107.327	107.354	
257	1	107.383	107.416	107.463	107.512	107.565	107.621	107.67	107.717	107.771	107.838	
258	1	107.906	107.977	108.064	108.151	108.241	108.332	108.416	108.496	108.58	108.672	
259	1	108.763	108.854	108.951	109.048	109.143	109.237	109.325	109.41	109.493	109.573	
260	-1	109.651	109.725	109.799	109.868	109.935	109.998	110.054	110.104	110.153	110.206	
261	-1	110.254	110.3	110.354	110.404	110.451	110.496	110.527	110.551	110.576	110.608	
262	-1	110.636	110.663	110.7	110.734	110.765	110.795	110.813	110.825	110.838	110.856	
263	-1	110.872	110.887	110.908	110.928	110.946	110.963	110.977	110.987	110.998	111.009	
264	1	111.019	111.03	111.043	111.057	111.072	111.089	111.103	111.116	111.134	111.162	
265	1	111.191	111.224	111.271	111.32	111.372	111.429	111.478	111.525	111.579	111.646	
266	1	111.714	111.785	111.872	111.959	112.048	112.14	112.224	112.304	112.388	112.48	
267	1	112.571	112.662	112.759	112.856	112.951	113.044	113.133	113.218	113.301	113.381	
268	-1	113.459	113.533	113.607	113.676	113.743	113.806	113.862	113.912	113.961	114.014	
269	-1	114.062	114.108	114.162	114.212	114.259	114.304	114.335	114.359	114.384	114.416	
270	-1	114.444	114.471	114.508	114.542	114.573	114.603	114.621	114.633	114.646	114.664	
271	-1	114.68	114.695	114.716	114.736	114.754	114.771	114.784	114.795	114.806	114.817	
272	0	114.827	114.837	114.848	114.859	114.87	114.882	114.896	114.91	114.926	114.944	
273	0.707	114.96	114.981	115.012	115.046	115.083	115.123	115.16	115.196	115.238	115.289	
274	1	115.341	115.397	115.47	115.543	115.62	115.699	115.77	115.839	115.912	115.993	
275	0.707	116.075	116.156	116.243	116.328	116.412	116.495	116.574	116.65	116.723	116.795	
276	0	116.864	116.929	116.992	117.051	117.106	117.158	117.207	117.251	117.292	117.328	
277	-0.707	117.358	117.386	117.419	117.448	117.475	117.499	117.513	117.521	117.53	117.542	
278	-1	117.55	117.557	117.576	117.592	117.606	117.619	117.622	117.618	117.616	117.621	
279	-0.707	117.625	117.627	117.634	117.64	117.644	117.648	117.649	117.649	117.648	117.648	
280	1	117.648	117.648	117.652	117.656	117.663	117.671	117.677	117.682	117.693	117.714	
281	1	117.736	117.762	117.803	117.846	117.893	117.944	117.988	118.03	118.079	118.142	
282	1	118.205	118.273	118.355	118.439	118.525	118.613	118.694	118.771	118.852	118.941	
283	1	119.029	119.117	119.213	119.307	119.399	119.491	119.577	119.66	119.741	119.82	
284	-1	119.895	119.968	120.04	120.108	120.173	120.235	120.289	120.338	120.386	120.437	
285	-1	120.484	120.529	120.582	120.63	120.676	120.72	120.751	120.773	120.798	120.829	
286	-1	120.856	120.882	120.918	120.952	120.982	121.012	121.029	121.04	121.052	121.07	
287	-1	121.085	121.1	121.121	121.14	121.157	121.174	121.187	121.197	121.208	121.218	
288	1	121.228	121.239	121.252	121.265	121.28	121.296	121.31	121.323	121.341	121.369	
289	1	121.397	121.43	121.477	121.526	121.578	121.634	121.683	121.73	121.784	121.851	
290	1	121.918	121.989	122.076	122.163	122.252	122.344	122.427	122.508	122.592	122.683	
291	1	122.774	122.865	122.963	123.059	123.154	123.248	123.336	123.421	123.504	123.584	
292	-1	123.661	123.736	123.809	123.879	123.945	124.009	124.064	124.114	124.164	124.216	
293	-1	124.264	124.31	124.365	124.414	124.461	124.506	124.537	124.561	124.586	124.618	
294	-1	124.646	124.673	124.71	124.744	124.775	124.805	124.823	124.835	124.847	124.866	
295	-1	124.882	124.896	124.918	124.937	124.955	124.973	124.986	124.997	125.007	125.018	
296	0	125.029	125.039	125.049	125.06	125.071	125.084	125.097	125.112	125.128	125.145	
297	0.707	125.162	125.182	125.213	125.247	125.284	125.324	125.361	125.397	125.439	125.491	
298	1	125.543	125.599	125.671	125.745	125.821	125.9	125.971	126.04	126.113	126.194	
299	0.707	126.276	126.357	126.444	126.529	126.613	126.696	126.775	126.851	126.924	126.996	
300	0	127.065	127.13	127.193	127.252	127.308	127.36	127.408	127.452	127.493	127.529	
301	-0.707	127.559	127.587	127.62	127.649	127.676	127.7	127.714	127.722	127.731	127.743	
302	-1	127.751	127.758	127.777	127.793	127.807	127.82	127.823	127.819	127.817	127.822	
303	-0.707	127.826	127.829	127.836	127.841	127.846	127.849	127.85	127.85	127.849	127.849	
304	0	127.849	127.849	127.85	127.851	127.854	127.858	127.863	127.87	127.878	127.889	
305	0.707	127.898	127.912	127.937	127.965	127.996	128.031	128.062	128.093	128.131	128.178	
306	1	128.225	128.277	128.346	128.416	128.488	128.564	128.632	128.698	128.768	128.846	
307	0.707	128.925	129.004	129.088	129.171	129.253	129.333	129.41	129.484	129.555	129.625	
308	0	129.692	129.756	129.817	129.874	129.928	129.979	130.025	130.068	130.108	130.143	
309	-0.707	130.172	130.198	130.23	130.258	130.284	130.307	130.32	130.327	130.335	130.347	
310	-1	130.353	130.36	130.378	130.393	130.406	130.419	130.421	130.417	130.415	130.419	
311	-0.707	130.422	130.424	130.431	130.436	130.44	130.443	130.444	130.443	130.442	130.441	
312	0	130.441	130.441	130.441	130.442	130.444	130.448	130.453	130.459	130.468	130.478	
313	0.707	130.487	130.501	130.526	130.553	130.584	130.619	130.65	130.681	130.718	130.766	
314	1	130.813	130.865	130.933	131.003	131.075	131.151	131.219	131.284	131.354	131.432	
315	0.707	131.511	131.59	131.674	131.757	131.839	131.919	131.996	132.069	132.141	132.211	
316	0	132.278	132.341	132.402	132.46	132.514	132.564	132.611	132.654	132.693	132.728	
317	-0.707	132.757	132.783	132.815	132.843	132.869	132.892	132.905	132.912	132.92	132.932	
318	-1	132.938	132.944	132.963	132.978	132.991	133.004	133.006	133.002	132.999	133.004	
319	-0.707	133.007	133.009	133.015	133.02	133.024	133.028	133.028	133.027	133.026	133.026	
320	1	133.025	133.025	133.029	133.033	133.039	133.047	133.052	133.058	133.068	133.089	
321	1	133.111	133.137	133.178	133.221	133.267	133.318	133.361	133.403	133.453	133.515	
322	1	133.578	133.645	133.728	133.812	133.897	133.986	134.066	134.143	134.224	134.313	
323	1	134.401	134.489	134.584	134.678	134.771	134.862	134.949	135.032	135.112	135.191	
324	-1	135.266	135.339	135.411	135.478	135.544	135.606	135.66	135.708	135.756	135.808	
325	-1	135.854	135.899	135.952	136.001	136.047	136.09	136.121	136.144	136.168	136.199	
326	-1	136.226	136.252	136.289	136.322	136.352	136.382	136.399	136.41	136.422	136.44	
327	-1	136.455	136.47	136.49	136.51	136.527	136.544	136.557	136.567	136.578	136.588	
328	0	136.598	136.608	136.618	136.629	136.64	136.652	136.665	136.679	136.695	136.712	
329	0.707	136.728	136.748	136.78	136.813	136.85	136.89	136.926	136.962	137.004	137.056	
330	1	137.107	137.163	137.236	137.309	137.385	137.464	137.535	137.604	137.677	137.758	
331	0.707	137.84	137.921	138.008	138.093	138.177	138.26	138.338	138.414	138.488	138.559	
332	0	138.628	138.693	138.756	138.815	138.87	138.922	138.97	139.015	139.055	139.092	
333	-0.707	139.122	139.15	139.183	139.212	139.238	139.262	139.277	139.285	139.293	139.306	
334	-1	139.313	139.32	139.339	139.355	139.369	139.383	139.385	139.381	139.38	139.384	
335	-0.707	139.388	139.39	139.398	139.403	139.407	139.411	139.412	139.412	139.411	139.411	
336	0	139.411	139.411	139.412	139.413	139.416	139.419	139.425	139.431	139.44	139.45	
337	0.707	139.46	139.474	139.499	139.526	139.558	139.593	139.624	139.655	139.692	139.74	
338	1	139.787	139.839	139.907	139.977	140.05	140.126	140.194	140.259	140.329	140.408	
339	0.707	140.486	140.566	140.65	140.733	140.814	140.895	140.971	141.045	141.117	141.187	
340	0	141.254	141.317	141.378	141.436	141.49	141.54	141.587	141.63	141.669	141.705	
341	-0.707	141.733	141.76	141.792	141.82	141.845	141.868	141.882	141.889	141.896	141.908	
342	-1	141.915	141.921	141.939	141.954	141.968	141.981	141.983	141.978	141.976	141.98	
343	-0.707	141.984	141.986	141.992	141.997	142.001	142.005	142.005	142.004	142.003	142.003	
344	1	142.002	142.002	142.006	142.01	142.016	142.024	142.029	142.035	142.045	142.066	
345	1	142.088	142.114	142.155	142.198	142.244	142.295	142.338	142.38	142.43	142.492	
346	1	142.555	142.623	142.705	142.789	142.875	142.963	143.043	143.12	143.201	143.29	
347	1	143.378	143.466	143.561	143.655	143.748	143.839	143.926	144.009	144.089	144.168	
348	-1	144.243	144.316	144.388	144.456	144.521	144.583	144.637	144.685	144.733	144.785	
349	-1	144.832	144.876	144.929	144.978	145.024	145.068	145.098	145.121	145.145	145.176	
350	-1	145.203	145.229	145.266	145.299	145.329	145.359	145.376	145.387	145.399	145.417	
351	-1	145.432	145.447	145.468	145.487	145.504	145.521	145.534	145.544	145.555	145.565	
352	0	145.575	145.585	145.595	145.606	145.617	145.629	145.642	145.656	145.672	145.689	
353	0.707	145.705	145.726	145.757	145.79	145.827	145.867	145.903	145.939	145.981	146.033	
354	1	146.085	146.14	146.213	146.286	146.362	146.441	146.513	146.581	146.654	146.735	
355	0.707	146.817	146.898	146.985	147.07	147.154	147.237	147.315	147.391	147.465	147.536	
356	0	147.605	147.67	147.733	147.792	147.847	147.899	147.948	147.992	148.032	148.069	
357	-0.707	148.099	148.127	148.16	148.189	148.215	148.239	148.254	148.262	148.27	148.283	
358	-1	148.29	148.297	148.316	148.332	148.346	148.36	148.362	148.358	148.357	148.361	
359	-0.707	148.365	148.367	148.375	148.38	148.384	148.388	148.389	148.389	148.388	148.388	
360	0	148.388	148.388	148.389	148.39	148.393	148.396	148.401	148.408	148.417	148.427	
361	0.707	148.437	148.451	148.476	148.503	148.535	148.57	148.601	148.632	148.669	148.717	
362	1	148.764	148.816	148.884	148.954	149.027	149.103	149.171	149.236	149.306	149.385	
363	0.707	149.463	149.542	149.627	149.709	149.791	149.872	149.948	150.022	150.094	150.164	
364	0	150.23	150.294	150.355	150.413	150.467	150.517	150.564	150.607	150.646	150.681	
365	-0.707	150.71	150.737	150.769	150.797	150.822	150.845	150.859	150.866	150.873	150.885	
366	-1	150.892	150.898	150.916	150.931	150.945	150.958	150.959	150.955	150.953	150.957	
367	-0.707	150.96	150.963	150.969	150.974	150.978	150.982	150.982	150.981	150.98	150.98	
368	1	150.979	150.979	150.983	150.987	150.993	151.001	151.006	151.012	151.022	151.043	
369	1	151.065	151.091	151.132	151.174	151.221	151.271	151.315	151.357	151.407	151.469	
370	1	151.532	151.599	151.682	151.766	151.851	151.939	152.02	152.097	152.178	152.267	
371	1	152.355	152.443	152.538	152.632	152.725	152.816	152.903	152.986	153.066	153.145	
372	-1	153.22	153.293	153.365	153.432	153.498	153.559	153.614	153.662	153.71	153.762	
373	-1	153.808	153.853	153.906	153.955	154.001	154.044	154.075	154.098	154.122	154.153	
374	-1	154.18	154.206	154.243	154.276	154.306	154.336	154.353	154.364	154.376	154.394	
375	-1	154.409	154.423	154.444	154.464	154.481	154.498	154.511	154.521	154.531	154.542	
376	1	154.552	154.562	154.575	154.588	154.603	154.62	154.633	154.647	154.665	154.692	
377	1	154.721	154.754	154.801	154.849	154.902	154.957	155.006	155.053	155.107	155.174	
378	1	155.242	155.313	155.4	155.487	155.576	155.667	155.751	155.831	155.915	156.007	
379	1	156.098	156.188	156.286	156.382	156.477	156.571	156.659	156.744	156.827	156.908	
380	-1	156.985	157.059	157.133	157.202	157.269	157.332	157.388	157.438	157.487	157.54	
381	-1	157.588	157.634	157.688	157.738	157.785	157.829	157.861	157.884	157.909	157.942	
382	-1	157.969	157.996	158.033	158.067	158.098	158.128	158.146	158.158	158.171	158.189	
383	-1	158.205	158.22	158.241	158.261	158.279	158.296	158.309	158.32	158.331	158.341	
384	0	158.352	158.362	158.372	158.383	158.395	158.407	158.42	158.435	158.451	158.468	
385	0.707	158.485	158.505	158.537	158.57	158.607	158.648	158.684	158.72	158.762	158.814	
386	1	158.866	158.922	158.994	159.068	159.144	159.223	159.294	159.363	159.436	159.517	
387	0.707	159.599	159.681	159.767	159.852	159.936	160.019	160.098	160.174	160.247	160.319	
388	0	160.388	160.453	160.516	160.575	160.631	160.683	160.731	160.775	160.816	160.852	
389	-0.707	160.882	160.91	160.943	160.972	160.999	161.023	161.037	161.045	161.054	161.066	
390	-1	161.074	161.081	161.1	161.116	161.13	161.143	161.146	161.142	161.14	161.145	
391	-0.707	161.149	161.151	161.158	161.164	161.168	161.172	161.173	161.173	161.172	161.172	
392	1	161.172	161.172	161.176	161.18	161.186	161.195	161.2	161.206	161.217	161.238	
393	1	161.26	161.286	161.327	161.37	161.417	161.468	161.512	161.554	161.603	161.666	
394	1	161.729	161.796	161.879	161.963	162.049	162.137	162.217	162.295	162.376	162.465	
395	1	162.553	162.641	162.736	162.831	162.923	163.015	163.101	163.184	163.265	163.344	
396	-1	163.419	163.492	163.563	163.631	163.696	163.758	163.813	163.861	163.909	163.961	
397	-1	164.008	164.052	164.105	164.154	164.2	164.244	164.274	164.297	164.321	164.353	
398	-1	164.38	164.405	164.442	164.475	164.506	164.535	164.553	164.563	164.576	164.594	
399	-1	164.609	164.623	164.644	164.663	164.681	164.698	164.711	164.721	164.731	164.742	
400	1	164.752	164.762	164.775	164.788	164.803	164.82	164.833	164.846	164.865	164.892	
401	1	164.921	164.954	165.001	165.049	165.101	165.157	165.206	165.253	165.307	165.374	
402	1	165.442	165.513	165.599	165.687	165.776	165.867	165.951	166.031	166.115	166.207	
403	1	166.297	166.388	166.486	166.582	166.677	166.771	166.859	166.944	167.027	167.108	
404	-1	167.185	167.259	167.332	167.402	167.469	167.532	167.588	167.638	167.687	167.74	
405	-1	167.788	167.834	167.888	167.937	167.984	168.029	168.061	168.084	168.109	168.142	
406	-1	168.169	168.196	168.233	168.267	168.298	168.328	168.346	168.358	168.371	168.389	
407	-1	168.405	168.42	168.441	168.461	168.479	168.496	168.509	168.52	168.531	168.541	
408	1	168.552	168.562	168.576	168.589	168.604	168.621	168.635	168.648	168.667	168.694	
409	1	168.723	168.756	168.804	168.853	168.905	168.961	169.01	169.057	169.111	169.178	
410	1	169.246	169.317	169.404	169.491	169.581	169.672	169.756	169.836	169.921	170.012	
411	1	170.103	170.194	170.292	170.388	170.483	170.577	170.665	170.75	170.833	170.914	
412	-1	170.991	171.065	171.139	171.208	171.275	171.338	171.394	171.444	171.493	171.546	
413	-1	171.594	171.64	171.694	171.744	171.791	171.836	171.867	171.891	171.916	171.948	
414	-1	171.976	172.003	172.04	172.074	172.105	172.135	172.153	172.165	172.178	172.196	
415	-1	172.212	172.227	172.248	172.268	172.286	172.303	172.316	172.327	172.338	172.348	
416	0	172.359	172.369	172.38	172.39	172.402	172.414	172.427	172.442	172.458	172.476	
417	0.707	172.492	172.512	172.544	172.577	172.614	172.655	172.691	172.727	172.769	172.821	
418	1	172.873	172.929	173.001	173.075	173.151	173.23	173.302	173.37	173.443	173.525	
419	0.707	173.606	173.688	173.774	173.86	173.944	174.027	174.105	174.181	174.255	174.326	
420	0	174.395	174.461	174.523	174.582	174.638	174.69	174.738	174.783	174.823	174.86	
421	-0.707	174.89	174.917	174.95	174.98	175.006	175.03	175.045	175.053	175.061	175.074	
422	-1	175.081	175.088	175.107	175.123	175.137	175.151	175.153	175.149	175.148	175.152	
423	-0.707	175.156	175.159	175.166	175.171	175.176	175.18	175.181	175.18	175.179	175.179	
424	0	175.179	175.179	175.18	175.181	175.184	175.188	175.193	175.2	175.208	175.219	
425	0.707	175.228	175.242	175.267	175.295	175.326	175.361	175.393	175.424	175.461	175.508	
426	1	175.556	175.607	175.676	175.746	175.818	175.894	175.962	176.028	176.098	176.176	
427	0.707	176.255	176.334	176.418	176.501	176.583	176.663	176.74	176.814	176.885	176.955	
428	0	177.022	177.086	177.147	177.204	177.258	177.309	177.355	177.398	177.438	177.473	
429	-0.707	177.502	177.528	177.56	177.588	177.614	177.637	177.65	177.657	177.665	177.677	
430	-1	177.683	177.689	177.708	177.723	177.736	177.749	177.751	177.747	177.745	177.749	
431	-0.707	177.752	177.754	177.761	177.766	177.77	177.773	177.774	177.773	177.772	177.771	
432	0	177.771	177.77	177.771	177.772	177.774	177.778	177.783	177.789	177.798	177.808	
433	0.707	177.817	177.831	177.856	177.883	177.914	177.949	177.98	178.011	178.048	178.095	
434	1	178.143	178.194	178.263	178.333	178.405	178.481	178.549	178.614	178.684	178.762	
435	0.707	178.841	178.92	179.004	179.087	179.168	179.249	179.326	179.399	179.471	179.54	
436	0	179.607	179.671	179.732	179.789	179.843	179.894	179.94	179.983	180.023	180.058	
437	-0.707	180.087	180.113	180.145	180.173	180.198	180.222	180.235	180.242	180.249	180.261	
438	-1	180.268	180.274	180.292	180.307	180.321	180.334	180.335	180.331	180.329	180.333	
439	-0.707	180.336	180.338	180.345	180.35	180.354	180.357	180.358	180.357	180.356	180.355	
440	0	180.355	180.355	180.355	180.356	180.359	180.362	180.367	180.373	180.382	180.392	
441	0.707	180.401	180.415	180.44	180.467	180.498	180.533	180.564	180.595	180.632	180.679	
442	1	180.727	180.779	180.847	180.917	180.989	181.065	181.133	181.198	181.268	181.346	
443	0.707	181.425	181.504	181.588	181.671	181.752	181.833	181.91	181.983	182.055	182.125	
444	0	182.191	182.255	182.316	182.373	182.427	182.478	182.524	182.567	182.607	182.642	
445	-0.707	182.671	182.697	182.729	182.757	182.782	182.806	182.819	182.826	182.833	182.845	
446	-1	182.852	182.858	182.876	182.891	182.905	182.918	182.919	182.915	182.913	182.917	
447	-0.707	182.92	182.922	182.929	182.934	182.938	182.941	182.942	182.941	182.94	182.939	
448	1	182.939	182.939	182.942	182.946	182.952	182.96	182.966	182.971	182.982	183.002	
449	1	183.024	183.05	183.091	183.134	183.181	183.231	183.275	183.317	183.366	183.428	
450	1	183.492	183.559	183.642	183.725	183.811	183.899	183.979	184.056	184.138	184.226	
451	1	184.314	184.402	184.498	184.592	184.684	184.776	184.862	184.945	185.026	185.104	
452	-1	185.18	185.252	185.324	185.392	185.457	185.519	185.573	185.622	185.67	185.721	
453	-1	185.768	185.813	185.866	185.914	185.96	186.004	186.034	186.057	186.081	186.113	
454	-1	186.14	186.165	186.202	186.235	186.266	186.295	186.312	186.323	186.335	186.353	
455	-1	186.369	186.383	186.404	186.423	186.44	186.458	186.47	186.481	186.491	186.501	
456	1	186.511	186.522	186.535	186.548	186.563	186.579	186.593	186.606	186.624	186.651	
457	1	186.68	186.713	186.76	186.809	186.861	186.917	186.965	187.013	187.067	187.133	
458	1	187.201	187.272	187.359	187.446	187.535	187.627	187.71	187.79	187.875	187.966	
459	1	188.057	188.148	188.245	188.342	188.436	188.53	188.619	188.704	188.786	188.867	
460	-1	188.944	189.018	189.092	189.161	189.228	189.291	189.347	189.397	189.446	189.499	
461	-1	189.547	189.593	189.647	189.697	189.744	189.788	189.82	189.844	189.869	189.901	
462	-1	189.929	189.955	189.992	190.026	190.058	190.087	190.105	190.117	190.13	190.148	
463	-1	190.164	190.179	190.2	190.22	190.238	190.255	190.268	190.279	190.29	190.3	
464	0	190.311	190.321	190.332	190.342	190.354	190.366	190.379	190.394	190.41	190.427	
465	0.707	190.444	190.464	190.496	190.529	190.566	190.607	190.643	190.679	190.721	190.773	
466	1	190.825	190.881	190.953	191.027	191.103	191.182	191.253	191.322	191.395	191.476	
467	0.707	191.558	191.64	191.726	191.811	191.895	191.978	192.057	192.133	192.207	192.278	
468	0	192.347	192.412	192.475	192.534	192.59	192.642	192.69	192.734	192.775	192.811	
469	-0.707	192.841	192.869	192.902	192.931	192.958	192.982	192.996	193.004	193.013	193.025	
470	-1	193.033	193.04	193.059	193.075	193.089	193.102	193.105	193.101	193.099	193.104	
471	-0.707	193.108	193.11	193.117	193.123	193.127	193.131	193.132	193.132	193.131	193.131	
472	0	193.131	193.131	193.132	193.133	193.136	193.139	193.145	193.151	193.16	193.17	
473	0.707	193.18	193.194	193.219	193.247	193.278	193.313	193.344	193.375	193.412	193.46	
474	1	193.507	193.559	193.627	193.698	193.77	193.846	193.914	193.979	194.049	194.128	
475	0.707	194.207	194.286	194.37	194.453	194.534	194.615	194.692	194.765	194.837	194.907	
476	0	194.974	195.037	195.098	195.156	195.21	195.26	195.307	195.35	195.389	195.425	
477	-0.707	195.453	195.48	195.512	195.54	195.565	195.589	195.602	195.609	195.616	195.628	
478	-1	195.635	195.641	195.659	195.674	195.688	195.701	195.703	195.698	195.696	195.7	
479	-0.707	195.704	195.706	195.712	195.717	195.721	195.725	195.725	195.724	195.723	195.723	
480	1	195.722	195.722	195.726	195.73	195.736	195.744	195.749	195.755	195.765	195.786	
481	1	195.808	195.834	195.875	195.917	195.964	196.014	196.058	196.1	196.15	196.212	
482	1	196.275	196.342	196.425	196.509	196.594	196.682	196.763	196.84	196.921	197.01	
483	1	197.098	197.186	197.281	197.375	197.468	197.559	197.646	197.728	197.809	197.888	
484	-1	197.963	198.036	198.108	198.175	198.24	198.302	198.357	198.405	198.453	198.504	
485	-1	198.551	198.596	198.649	198.698	198.744	198.787	198.818	198.841	198.865	198.896	
486	-1	198.923	198.949	198.985	199.018	199.049	199.078	199.096	199.107	199.119	199.137	
487	-1	199.152	199.166	199.187	199.206	199.224	199.241	199.254	199.264	199.274	199.285	
488	0	199.295	199.305	199.315	199.325	199.336	199.348	199.361	199.376	199.391	199.409	
489	0.707	199.425	199.445	199.476	199.51	199.546	199.587	199.623	199.659	199.701	199.752	
490	1	199.804	199.86	199.932	200.006	200.082	200.161	200.232	200.301	200.374	200.455	
491	0.707	200.536	200.618	200.704	200.789	200.873	200.956	201.035	201.111	201.184	201.256	
492	0	201.324	201.39	201.452	201.511	201.567	201.619	201.667	201.711	201.752	201.789	
493	-0.707	201.818	201.846	201.879	201.908	201.935	201.959	201.973	201.981	201.989	202.002	
494	-1	202.01	202.016	202.035	202.051	202.065	202.079	202.081	202.078	202.076	202.081	
495	-0.707	202.084	202.087	202.094	202.1	202.104	202.108	202.109	202.108	202.107	202.107	
496	0	202.107	202.107	202.108	202.109	202.112	202.116	202.121	202.128	202.136	202.147	
497	0.707	202.156	202.17	202.195	202.223	202.254	202.289	202.32	202.351	202.389	202.436	
498	1	202.483	202.535	202.604	202.674	202.746	202.822	202.89	202.956	203.026	203.104	
499	0.707	203.183	203.262	203.346	203.429	203.51	203.591	203.668	203.741	203.813	203.883	
500	0	203.95	204.014	204.074	204.132	204.186	204.236	204.283	204.326	204.365	204.401	
501	-0.707	204.429	204.456	204.488	204.516	204.541	204.565	204.578	204.585	204.592	204.604	
502	-1	204.611	204.617	204.635	204.651	204.664	204.677	204.679	204.674	204.672	204.676	
503	-0.707	204.68	204.682	204.688	204.693	204.697	204.701	204.701	204.7	204.699	204.699	
504	0	204.698	204.698	204.699	204.7	204.702	204.705	204.71	204.717	204.725	204.735	
505	0.707	204.745	204.759	204.783	204.811	204.842	204.877	204.908	204.939	204.976	205.023	
506	1	205.07	205.122	205.19	205.26	205.333	205.408	205.476	205.542	205.612	205.69	
507	0.707	205.769	205.848	205.932	206.014	206.096	206.177	206.253	206.327	206.398	206.468	
508	0	206.535	206.599	206.66	206.717	206.771	206.821	206.868	206.911	206.95	206.986	
509	-0.707	207.014	207.041	207.073	207.101	207.126	207.149	207.162	207.17	207.177	207.189	
510	-1	207.196	207.202	207.22	207.235	207.249	207.261	207.263	207.259	207.257	207.261	
511	-0.707	207.264	207.266	207.272	207.278	207.282	207.285	207.285	207.284	207.283	207.283	
512	1	207.282	207.283	207.286	207.29	207.296	207.304	207.309	207.315	207.325	207.346	
513	1	207.368	207.394	207.435	207.478	207.524	207.575	207.618	207.66	207.71	207.772	
514	1	207.835	207.902	207.985	208.069	208.154	208.243	208.323	208.4	208.481	208.57	
515	1	208.658	208.746	208.841	208.935	209.028	209.119	209.206	209.289	209.369	209.448	
516	-1	209.523	209.596	209.668	209.735	209.8	209.862	209.917	209.965	210.013	210.064	
517	-1	210.111	210.156	210.209	210.258	210.304	210.347	210.378	210.401	210.425	210.456	
518	-1	210.483	210.509	210.545	210.578	210.609	210.638	210.656	210.667	210.679	210.697	
519	-1	210.712	210.726	210.747	210.766	210.784	210.801	210.814	210.824	210.834	210.845	
520	0	210.855	210.865	210.875	210.885	210.896	210.908	210.921	210.936	210.951	210.969	
521	0.707	210.985	211.005	211.036	211.07	211.106	211.147	211.183	211.219	211.261	211.312	
522	1	211.364	211.42	211.492	211.566	211.642	211.721	211.792	211.861	211.934	212.015	
523	0.707	212.096	212.178	212.264	212.349	212.433	212.516	212.595	212.67	212.744	212.816	
524	0	212.884	212.95	213.012	213.071	213.127	213.179	213.227	213.271	213.312	213.349	
525	-0.707	213.378	213.406	213.439	213.468	213.495	213.519	213.533	213.541	213.549	213.562	
526	-1	213.57	213.576	213.595	213.611	213.625	213.639	213.641	213.638	213.636	213.641	
527	-0.707	213.644	213.647	213.654	213.659	213.664	213.668	213.669	213.668	213.667	213.667	
528	0	213.667	213.667	213.668	213.669	213.672	213.676	213.681	213.688	213.696	213.707	
529	0.707	213.716	213.73	213.755	213.783	213.814	213.849	213.88	213.911	213.949	213.996	
530	1	214.043	214.095	214.164	214.234	214.306	214.382	214.45	214.516	214.586	214.664	
531	0.707	214.743	214.822	214.906	214.989	215.07	215.151	215.228	215.301	215.373	215.443	
532	0	215.51	215.574	215.634	215.692	215.746	215.796	215.843	215.886	215.925	215.961	
533	-0.707	215.989	216.016	216.048	216.076	216.101	216.125	216.138	216.145	216.152	216.164	
534	-1	216.171	216.177	216.195	216.21	216.224	216.237	216.239	216.234	216.232	216.236	
535	-0.707	216.24	216.242	216.248	216.253	216.257	216.261	216.261	216.26	216.259	216.259	
536	1	216.258	216.258	216.262	216.266	216.272	216.28	216.285	216.291	216.301	216.322	
537	1	216.344	216.37	216.411	216.453	216.5	216.55	216.594	216.636	216.686	216.748	
538	1	216.811	216.878	216.961	217.045	217.13	217.218	217.299	217.376	217.457	217.546	
539	1	217.634	217.722	217.817	217.911	218.004	218.095	218.182	218.264	218.345	218.424	
540	-1	218.499	218.572	218.644	218.711	218.776	218.838	218.893	218.941	218.989	219.04	
541	-1	219.087	219.132	219.185	219.234	219.28	219.323	219.354	219.377	219.401	219.432	
542	-1	219.459	219.485	219.521	219.554	219.585	219.614	219.632	219.643	219.655	219.673	
543	-1	219.688	219.702	219.723	219.742	219.76	219.777	219.79	219.8	219.81	219.821	
544	1	219.831	219.841	219.854	219.867	219.882	219.899	219.912	219.925	219.944	219.971	
545	1	220	220.032	220.079	220.128	220.18	220.236	220.285	220.332	220.386	220.453	
546	1	220.52	220.592	220.678	220.766	220.855	220.946	221.03	221.11	221.194	221.286	
547	1	221.376	221.467	221.565	221.661	221.756	221.85	221.938	222.023	222.106	222.186	
548	-1	222.263	222.338	222.411	222.481	222.547	222.611	222.666	222.716	222.766	222.818	
549	-1	222.866	222.912	222.966	223.016	223.063	223.108	223.139	223.163	223.188	223.22	
550	-1	223.248	223.274	223.312	223.346	223.377	223.407	223.425	223.436	223.449	223.468	
551	-1	223.483	223.498	223.52	223.539	223.557	223.575	223.588	223.599	223.609	223.62	
552	0	223.63	223.641	223.651	223.662	223.673	223.685	223.699	223.713	223.729	223.747	
553	0.707	223.763	223.784	223.815	223.849	223.886	223.926	223.962	223.999	224.041	224.092	
554	1	224.144	224.2	224.272	224.346	224.422	224.501	224.573	224.642	224.715	224.796	
555	0.707	224.877	224.959	225.045	225.131	225.215	225.298	225.376	225.452	225.526	225.597	
556	0	225.666	225.732	225.794	225.853	225.909	225.961	226.009	226.054	226.094	226.131	
557	-0.707	226.161	226.189	226.221	226.251	226.277	226.301	226.316	226.324	226.332	226.345	
558	-1	226.352	226.359	226.378	226.394	226.408	226.422	226.424	226.42	226.419	226.423	
559	-0.707	226.427	226.43	226.437	226.442	226.447	226.451	226.451	226.451	226.45	226.45	
560	1	226.45	226.45	226.454	226.458	226.465	226.473	226.479	226.484	226.495	226.516	
561	1	226.538	226.565	226.606	226.649	226.695	226.746	226.79	226.832	226.882	226.944	
562	1	227.007	227.075	227.158	227.241	227.327	227.415	227.496	227.573	227.654	227.743	
563	1	227.831	227.919	228.015	228.109	228.201	228.293	228.379	228.462	228.543	228.622	
564	-1	228.697	228.77	228.842	228.909	228.975	229.037	229.091	229.139	229.187	229.239	
565	-1	229.286	229.331	229.384	229.432	229.478	229.522	229.552	229.575	229.599	229.631	
566	-1	229.658	229.683	229.72	229.753	229.784	229.813	229.831	229.841	229.854	229.872	
567	-1	229.887	229.901	229.922	229.941	229.959	229.976	229.989	229.999	230.009	230.02	
568	1	230.03	230.04	230.053	230.066	230.081	230.098	230.111	230.124	230.143	230.17	
569	1	230.199	230.232	230.279	230.327	230.379	230.435	230.484	230.531	230.585	230.652	
570	1	230.72	230.791	230.877	230.965	231.054	231.145	231.229	231.309	231.393	231.485	
571	1	231.575	231.666	231.764	231.86	231.955	232.049	232.137	232.222	232.305	232.385	
572	-1	232.463	232.537	232.61	232.68	232.747	232.81	232.866	232.916	232.965	233.017	
573	-1	233.066	233.112	233.166	233.215	233.262	233.307	233.339	233.362	233.387	233.419	
574	-1	233.447	233.474	233.511	233.545	233.576	233.606	233.624	233.636	233.648	233.667	
575	-1	233.683	233.697	233.719	233.739	233.757	233.774	233.787	233.798	233.808	233.819	
576	0	233.83	233.84	233.85	233.861	233.872	233.885	233.898	233.913	233.929	233.946	
577	0.707	233.963	233.983	234.014	234.048	234.085	234.125	234.162	234.198	234.24	234.292	
578	1	234.343	234.399	234.472	234.546	234.622	234.701	234.772	234.841	234.914	234.995	
579	0.707	235.077	235.158	235.245	235.33	235.414	235.497	235.576	235.651	235.725	235.797	
580	0	235.865	235.931	235.994	236.053	236.108	236.16	236.208	236.253	236.293	236.33	
581	-0.707	236.36	236.388	236.421	236.45	236.476	236.501	236.515	236.523	236.531	236.544	
582	-1	236.552	236.558	236.577	236.593	236.607	236.621	236.623	236.62	236.618	236.623	
583	-0.707	236.626	236.629	236.636	236.642	236.646	236.65	236.651	236.65	236.65	236.649	
584	0	236.649	236.649	236.65	236.652	236.654	236.658	236.663	236.67	236.678	236.689	
585	0.707	236.699	236.712	236.738	236.765	236.796	236.831	236.863	236.894	236.931	236.978	
586	1	237.026	237.078	237.146	237.216	237.289	237.364	237.432	237.498	237.568	237.646	
587	0.707	237.725	237.804	237.888	237.971	238.053	238.133	238.21	238.284	238.356	238.425	
588	0	238.492	238.556	238.617	238.674	238.728	238.779	238.825	238.869	238.908	238.943	
589	-0.707	238.972	238.998	239.03	239.058	239.084	239.107	239.12	239.127	239.135	239.147	
590	-1	239.153	239.16	239.178	239.193	239.207	239.219	239.221	239.217	239.215	239.219	
591	-0.707	239.222	239.224	239.231	239.236	239.24	239.243	239.244	239.243	239.242	239.241	
592	0	239.241	239.24	239.241	239.242	239.244	239.248	239.253	239.259	239.268	239.278	
593	0.707	239.287	239.301	239.326	239.353	239.384	239.419	239.45	239.481	239.518	239.565	
594	1	239.613	239.664	239.733	239.803	239.875	239.951	240.019	240.084	240.154	240.232	
595	0.707	240.311	240.39	240.474	240.557	240.638	240.719	240.796	240.869	240.941	241.01	
596	0	241.077	241.141	241.202	241.259	241.313	241.364	241.41	241.453	241.493	241.528	
597	-0.707	241.556	241.583	241.615	241.643	241.668	241.692	241.705	241.712	241.719	241.731	
598	-1	241.738	241.744	241.762	241.777	241.791	241.804	241.805	241.801	241.799	241.803	
599	-0.707	241.806	241.808	241.815	241.82	241.824	241.827	241.828	241.827	241.826	241.825	
600	0	241.825	241.825	241.825	241.826	241.828	241.832	241.837	241.843	241.852	241.862	
601	0.707	241.871	241.885	241.91	241.937	241.968	242.003	242.034	242.065	242.102	242.149	
602	1	242.197	242.248	242.317	242.387	242.459	242.534	242.603	242.668	242.738	242.816	
603	0.707	242.895	242.974	243.058	243.141	243.222	243.303	243.379	243.453	243.525	243.594	
604	0	243.661	243.725	243.786	243.843	243.897	243.947	243.994	244.037	244.076	244.112	
605	-0.707	244.14	244.167	244.199	244.227	244.252	244.275	244.289	244.296	244.303	244.315	
606	-1	244.322	244.328	244.346	244.361	244.375	244.387	244.389	244.385	244.383	244.387	
607	-0.707	244.39	244.392	244.399	244.404	244.408	244.411	244.412	244.41	244.41	244.409	
608	0	244.408	244.408	244.409	244.41	244.412	244.416	244.421	244.427	244.435	244.446	
609	0.707	244.455	244.469	244.494	244.521	244.552	244.587	244.618	244.649	244.686	244.733	
610	1	244.78	244.832	244.9	244.97	245.043	245.118	245.186	245.252	245.322	245.4	
611	0.707	245.479	245.558	245.642	245.724	245.806	245.887	245.963	246.037	246.108	246.178	
612	0	246.245	246.309	246.369	246.427	246.481	246.531	246.578	246.621	246.66	246.696	
613	-0.707	246.724	246.751	246.782	246.811	246.836	246.859	246.872	246.879	246.887	246.899	
614	-1	246.905	246.912	246.93	246.945	246.958	246.971	246.973	246.969	246.966	246.971	
615	-0.707	246.974	246.976	246.982	246.988	246.991	246.995	246.995	246.994	246.993	246.993	
616	1	246.992	246.992	246.996	247	247.006	247.014	247.019	247.025	247.035	247.056	
617	1	247.078	247.104	247.145	247.188	247.234	247.284	247.328	247.37	247.42	247.482	
618	1	247.545	247.612	247.695	247.779	247.864	247.952	248.033	248.11	248.191	248.28	
619	1	248.368	248.456	248.551	248.645	248.738	248.829	248.916	248.998	249.079	249.158	
620	-1	249.233	249.306	249.377	249.445	249.51	249.572	249.626	249.675	249.723	249.774	
621	-1	249.821	249.866	249.919	249.968	250.014	250.057	250.088	250.11	250.135	250.166	
622	-1	250.193	250.219	250.255	250.288	250.319	250.348	250.366	250.376	250.389	250.407	
623	-1	250.422	250.436	250.457	250.476	250.494	250.511	250.523	250.534	250.544	250.554	
624	1	250.564	250.575	250.588	250.601	250.616	250.632	250.646	250.659	250.677	250.705	
625	1	250.733	250.766	250.813	250.862	250.914	250.97	251.019	251.066	251.12	251.187	
626	1	251.254	251.326	251.412	251.499	251.588	251.68	251.763	251.844	251.928	252.019	
627	1	252.11	252.201	252.299	252.395	252.49	252.583	252.672	252.757	252.84	252.92	
628	-1	252.997	253.072	253.145	253.214	253.281	253.345	253.4	253.45	253.499	253.552	
629	-1	253.6	253.646	253.7	253.75	253.797	253.842	253.873	253.897	253.922	253.954	
630	-1	253.982	254.008	254.046	254.079	254.111	254.141	254.159	254.17	254.183	254.201	
631	-1	254.217	254.232	254.253	254.273	254.291	254.308	254.322	254.332	254.343	254.354	
632	0	254.364	254.374	254.385	254.396	254.407	254.419	254.432	254.447	254.463	254.481	
633	0.707	254.497	254.517	254.549	254.582	254.619	254.66	254.696	254.732	254.774	254.826	
634	1	254.878	254.934	255.006	255.08	255.156	255.235	255.307	255.375	255.448	255.529	
635	0.707	255.611	255.693	255.779	255.865	255.949	256.031	256.11	256.186	256.26	256.331	
636	0	256.4	256.466	256.528	256.587	256.643	256.695	256.743	256.787	256.828	256.865	
637	-0.707	256.894	256.922	256.955	256.984	257.011	257.035	257.049	257.057	257.066	257.078	
638	-1	257.086	257.093	257.112	257.128	257.142	257.155	257.158	257.154	257.152	257.157	
639	-0.707	257.161	257.163	257.171	257.176	257.18	257.184	257.185	257.185	257.184	257.184	
